# JRE version: OpenJDK Runtime Environment (8.0_242-b01) (build 1.8.0_242-release-1644-b01)
# Java VM: OpenJDK 64-Bit Server VM (25.242-b01 mixed mode windows-amd64 compressed oops)
Heap:
 PSYoungGen      total 448000K, used 204637K [0x00000000e0000000, 0x0000000100000000, 0x0000000100000000)
  eden space 371712K, 42% used [0x00000000e0000000,0x00000000e9bd5f58,0x00000000f6b00000)
  from space 76288K, 59% used [0x00000000f6b00000,0x00000000f9701748,0x00000000fb580000)
  to   space 75776K, 0% used [0x00000000fb600000,0x00000000fb600000,0x0000000100000000)
 ParOldGen       total 276992K, used 219746K [0x00000000a0000000, 0x00000000b0e80000, 0x00000000e0000000)
  object space 276992K, 79% used [0x00000000a0000000,0x00000000ad698b80,0x00000000b0e80000)
 Metaspace       used 173054K, capacity 185636K, committed 185728K, reserved 1210368K
  class space    used 21940K, capacity 24131K, committed 24192K, reserved 1048576K
GC Heap History (10 events):
Event: 2313.956 GC heap before
{Heap before GC invocations=78 (full 5):
 PSYoungGen      total 451072K, used 416947K [0x00000000e0000000, 0x00000000ffc80000, 0x0000000100000000)
  eden space 380928K, 100% used [0x00000000e0000000,0x00000000f7400000,0x00000000f7400000)
  from space 70144K, 51% used [0x00000000fb800000,0x00000000fdb2ce48,0x00000000ffc80000)
  to   space 69632K, 0% used [0x00000000f7400000,0x00000000f7400000,0x00000000fb800000)
 ParOldGen       total 276992K, used 182809K [0x00000000a0000000, 0x00000000b0e80000, 0x00000000e0000000)
  object space 276992K, 65% used [0x00000000a0000000,0x00000000ab2865a8,0x00000000b0e80000)
 Metaspace       used 161196K, capacity 173182K, committed 173440K, reserved 1200128K
  class space    used 20591K, capacity 22634K, committed 22656K, reserved 1048576K
Event: 2314.001 GC heap after
Heap after GC invocations=78 (full 5):
 PSYoungGen      total 409600K, used 28275K [0x00000000e0000000, 0x00000000ff780000, 0x0000000100000000)
  eden space 380928K, 0% used [0x00000000e0000000,0x00000000e0000000,0x00000000f7400000)
  from space 28672K, 98% used [0x00000000f7400000,0x00000000f8f9cef0,0x00000000f9000000)
  to   space 65536K, 0% used [0x00000000fb780000,0x00000000fb780000,0x00000000ff780000)
 ParOldGen       total 276992K, used 182809K [0x00000000a0000000, 0x00000000b0e80000, 0x00000000e0000000)
  object space 276992K, 65% used [0x00000000a0000000,0x00000000ab2865a8,0x00000000b0e80000)
 Metaspace       used 161196K, capacity 173182K, committed 173440K, reserved 1200128K
  class space    used 20591K, capacity 22634K, committed 22656K, reserved 1048576K
}
Event: 2317.915 GC heap before
{Heap before GC invocations=79 (full 5):
 PSYoungGen      total 409600K, used 409203K [0x00000000e0000000, 0x00000000ff780000, 0x0000000100000000)
  eden space 380928K, 100% used [0x00000000e0000000,0x00000000f7400000,0x00000000f7400000)
  from space 28672K, 98% used [0x00000000f7400000,0x00000000f8f9cef0,0x00000000f9000000)
  to   space 65536K, 0% used [0x00000000fb780000,0x00000000fb780000,0x00000000ff780000)
 ParOldGen       total 276992K, used 182809K [0x00000000a0000000, 0x00000000b0e80000, 0x00000000e0000000)
  object space 276992K, 65% used [0x00000000a0000000,0x00000000ab2865a8,0x00000000b0e80000)
 Metaspace       used 163889K, capacity 175996K, committed 176256K, reserved 1202176K
  class space    used 20738K, capacity 22841K, committed 22912K, reserved 1048576K
Event: 2317.998 GC heap after
Heap after GC invocations=79 (full 5):
 PSYoungGen      total 446464K, used 48652K [0x00000000e0000000, 0x0000000100000000, 0x0000000100000000)
  eden space 380928K, 0% used [0x00000000e0000000,0x00000000e0000000,0x00000000f7400000)
  from space 65536K, 74% used [0x00000000fb780000,0x00000000fe703310,0x00000000ff780000)
  to   space 69120K, 0% used [0x00000000f7400000,0x00000000f7400000,0x00000000fb780000)
 ParOldGen       total 276992K, used 182817K [0x00000000a0000000, 0x00000000b0e80000, 0x00000000e0000000)
  object space 276992K, 66% used [0x00000000a0000000,0x00000000ab2885a8,0x00000000b0e80000)
 Metaspace       used 163889K, capacity 175996K, committed 176256K, reserved 1202176K
  class space    used 20738K, capacity 22841K, committed 22912K, reserved 1048576K
}
Event: 2320.577 GC heap before
{Heap before GC invocations=80 (full 5):
 PSYoungGen      total 446464K, used 429580K [0x00000000e0000000, 0x0000000100000000, 0x0000000100000000)
  eden space 380928K, 100% used [0x00000000e0000000,0x00000000f7400000,0x00000000f7400000)
  from space 65536K, 74% used [0x00000000fb780000,0x00000000fe703310,0x00000000ff780000)
  to   space 69120K, 0% used [0x00000000f7400000,0x00000000f7400000,0x00000000fb780000)
 ParOldGen       total 276992K, used 182817K [0x00000000a0000000, 0x00000000b0e80000, 0x00000000e0000000)
  object space 276992K, 66% used [0x00000000a0000000,0x00000000ab2885a8,0x00000000b0e80000)
 Metaspace       used 167849K, capacity 179996K, committed 180352K, reserved 1206272K
  class space    used 21214K, capacity 23311K, committed 23424K, reserved 1048576K
Event: 2320.716 GC heap after
Heap after GC invocations=80 (full 5):
 PSYoungGen      total 439296K, used 58165K [0x00000000e0000000, 0x0000000100000000, 0x0000000100000000)
  eden space 380928K, 0% used [0x00000000e0000000,0x00000000e0000000,0x00000000f7400000)
  from space 58368K, 99% used [0x00000000f7400000,0x00000000faccd5e8,0x00000000fad00000)
  to   space 75264K, 0% used [0x00000000fb680000,0x00000000fb680000,0x0000000100000000)
 ParOldGen       total 276992K, used 182817K [0x00000000a0000000, 0x00000000b0e80000, 0x00000000e0000000)
  object space 276992K, 66% used [0x00000000a0000000,0x00000000ab2885a8,0x00000000b0e80000)
 Metaspace       used 167849K, capacity 179996K, committed 180352K, reserved 1206272K
  class space    used 21214K, capacity 23311K, committed 23424K, reserved 1048576K
}
Event: 2323.600 GC heap before
{Heap before GC invocations=81 (full 5):
 PSYoungGen      total 439296K, used 439093K [0x00000000e0000000, 0x0000000100000000, 0x0000000100000000)
  eden space 380928K, 100% used [0x00000000e0000000,0x00000000f7400000,0x00000000f7400000)
  from space 58368K, 99% used [0x00000000f7400000,0x00000000faccd5e8,0x00000000fad00000)
  to   space 75264K, 0% used [0x00000000fb680000,0x00000000fb680000,0x0000000100000000)
 ParOldGen       total 276992K, used 182817K [0x00000000a0000000, 0x00000000b0e80000, 0x00000000e0000000)
  object space 276992K, 66% used [0x00000000a0000000,0x00000000ab2885a8,0x00000000b0e80000)
 Metaspace       used 170461K, capacity 182814K, committed 182912K, reserved 1208320K
  class space    used 21536K, capacity 23664K, committed 23680K, reserved 1048576K
Event: 2323.733 GC heap after
Heap after GC invocations=81 (full 5):
 PSYoungGen      total 446976K, used 47131K [0x00000000e0000000, 0x0000000100000000, 0x0000000100000000)
  eden space 371712K, 0% used [0x00000000e0000000,0x00000000e0000000,0x00000000f6b00000)
  from space 75264K, 62% used [0x00000000fb680000,0x00000000fe486c60,0x0000000100000000)
  to   space 76288K, 0% used [0x00000000f6b00000,0x00000000f6b00000,0x00000000fb580000)
 ParOldGen       total 276992K, used 187730K [0x00000000a0000000, 0x00000000b0e80000, 0x00000000e0000000)
  object space 276992K, 67% used [0x00000000a0000000,0x00000000ab754910,0x00000000b0e80000)
 Metaspace       used 170461K, capacity 182814K, committed 182912K, reserved 1208320K
  class space    used 21536K, capacity 23664K, committed 23680K, reserved 1048576K
}
Event: 2325.843 GC heap before
{Heap before GC invocations=82 (full 5):
 PSYoungGen      total 446976K, used 418843K [0x00000000e0000000, 0x0000000100000000, 0x0000000100000000)
  eden space 371712K, 100% used [0x00000000e0000000,0x00000000f6b00000,0x00000000f6b00000)
  from space 75264K, 62% used [0x00000000fb680000,0x00000000fe486c60,0x0000000100000000)
  to   space 76288K, 0% used [0x00000000f6b00000,0x00000000f6b00000,0x00000000fb580000)
 ParOldGen       total 276992K, used 187730K [0x00000000a0000000, 0x00000000b0e80000, 0x00000000e0000000)
  object space 276992K, 67% used [0x00000000a0000000,0x00000000ab754910,0x00000000b0e80000)
 Metaspace       used 171511K, capacity 183974K, committed 184192K, reserved 1210368K
  class space    used 21704K, capacity 23860K, committed 23936K, reserved 1048576K
Event: 2325.989 GC heap after
Heap after GC invocations=82 (full 5):
 PSYoungGen      total 448000K, used 45061K [0x00000000e0000000, 0x0000000100000000, 0x0000000100000000)
  eden space 371712K, 0% used [0x00000000e0000000,0x00000000e0000000,0x00000000f6b00000)
  from space 76288K, 59% used [0x00000000f6b00000,0x00000000f9701748,0x00000000fb580000)
  to   space 75776K, 0% used [0x00000000fb600000,0x00000000fb600000,0x0000000100000000)
 ParOldGen       total 276992K, used 219746K [0x00000000a0000000, 0x00000000b0e80000, 0x00000000e0000000)
  object space 276992K, 79% used [0x00000000a0000000,0x00000000ad698b80,0x00000000b0e80000)
 Metaspace       used 171511K, capacity 183974K, committed 184192K, reserved 1210368K
  class space    used 21704K, capacity 23860K, committed 23936K, reserved 1048576K
}

