# JRE version: OpenJDK Runtime Environment (8.0_242-b01) (build 1.8.0_242-release-1644-b01)
# Java VM: OpenJDK 64-Bit Server VM (25.242-b01 mixed mode windows-amd64 compressed oops)
Heap:
 PSYoungGen      total 459264K, used 65007K [0x00000000e0000000, 0x0000000100000000, 0x0000000100000000)
  eden space 394240K, 0% used [0x00000000e0000000,0x00000000e0000000,0x00000000f8100000)
  from space 65024K, 99% used [0x00000000f8100000,0x00000000fc07bca8,0x00000000fc080000)
  to   space 65024K, 0% used [0x00000000fc080000,0x00000000fc080000,0x0000000100000000)
 ParOldGen       total 429056K, used 390611K [0x00000000a0000000, 0x00000000ba300000, 0x00000000e0000000)
  object space 429056K, 91% used [0x00000000a0000000,0x00000000b7d74c88,0x00000000ba300000)
 Metaspace       used 113831K, capacity 118952K, committed 119168K, reserved 1153024K
  class space    used 14704K, capacity 15728K, committed 15744K, reserved 1048576K
GC Heap History (10 events):
Event: 194.130 GC heap after
Heap after GC invocations=50 (full 5):
 PSYoungGen      total 451584K, used 28107K [0x00000000e0000000, 0x00000000ffb00000, 0x0000000100000000)
  eden space 386560K, 0% used [0x00000000e0000000,0x00000000e0000000,0x00000000f7980000)
  from space 65024K, 43% used [0x00000000f7980000,0x00000000f94f2e20,0x00000000fb900000)
  to   space 61952K, 0% used [0x00000000fbe80000,0x00000000fbe80000,0x00000000ffb00000)
 ParOldGen       total 429056K, used 308464K [0x00000000a0000000, 0x00000000ba300000, 0x00000000e0000000)
  object space 429056K, 71% used [0x00000000a0000000,0x00000000b2d3c370,0x00000000ba300000)
 Metaspace       used 112068K, capacity 117046K, committed 117248K, reserved 1150976K
  class space    used 14537K, capacity 15533K, committed 15616K, reserved 1048576K
}
Event: 195.909 GC heap before
{Heap before GC invocations=51 (full 5):
 PSYoungGen      total 451584K, used 414667K [0x00000000e0000000, 0x00000000ffb00000, 0x0000000100000000)
  eden space 386560K, 100% used [0x00000000e0000000,0x00000000f7980000,0x00000000f7980000)
  from space 65024K, 43% used [0x00000000f7980000,0x00000000f94f2e20,0x00000000fb900000)
  to   space 61952K, 0% used [0x00000000fbe80000,0x00000000fbe80000,0x00000000ffb00000)
 ParOldGen       total 429056K, used 308464K [0x00000000a0000000, 0x00000000ba300000, 0x00000000e0000000)
  object space 429056K, 71% used [0x00000000a0000000,0x00000000b2d3c370,0x00000000ba300000)
 Metaspace       used 112091K, capacity 117046K, committed 117248K, reserved 1150976K
  class space    used 14538K, capacity 15533K, committed 15616K, reserved 1048576K
Event: 195.955 GC heap after
Heap after GC invocations=51 (full 5):
 PSYoungGen      total 458240K, used 16434K [0x00000000e0000000, 0x00000000ffb00000, 0x0000000100000000)
  eden space 396288K, 0% used [0x00000000e0000000,0x00000000e0000000,0x00000000f8300000)
  from space 61952K, 26% used [0x00000000fbe80000,0x00000000fce8cae0,0x00000000ffb00000)
  to   space 60928K, 0% used [0x00000000f8300000,0x00000000f8300000,0x00000000fbe80000)
 ParOldGen       total 429056K, used 316702K [0x00000000a0000000, 0x00000000ba300000, 0x00000000e0000000)
  object space 429056K, 73% used [0x00000000a0000000,0x00000000b3547990,0x00000000ba300000)
 Metaspace       used 112091K, capacity 117046K, committed 117248K, reserved 1150976K
  class space    used 14538K, capacity 15533K, committed 15616K, reserved 1048576K
}
Event: 204.073 GC heap before
{Heap before GC invocations=52 (full 5):
 PSYoungGen      total 458240K, used 412722K [0x00000000e0000000, 0x00000000ffb00000, 0x0000000100000000)
  eden space 396288K, 100% used [0x00000000e0000000,0x00000000f8300000,0x00000000f8300000)
  from space 61952K, 26% used [0x00000000fbe80000,0x00000000fce8cae0,0x00000000ffb00000)
  to   space 60928K, 0% used [0x00000000f8300000,0x00000000f8300000,0x00000000fbe80000)
 ParOldGen       total 429056K, used 316702K [0x00000000a0000000, 0x00000000ba300000, 0x00000000e0000000)
  object space 429056K, 73% used [0x00000000a0000000,0x00000000b3547990,0x00000000ba300000)
 Metaspace       used 112621K, capacity 117626K, committed 117760K, reserved 1150976K
  class space    used 14593K, capacity 15583K, committed 15616K, reserved 1048576K
Event: 204.129 GC heap after
Heap after GC invocations=52 (full 5):
 PSYoungGen      total 457216K, used 6052K [0x00000000e0000000, 0x0000000100000000, 0x0000000100000000)
  eden space 396288K, 0% used [0x00000000e0000000,0x00000000e0000000,0x00000000f8300000)
  from space 60928K, 9% used [0x00000000f8300000,0x00000000f88e9010,0x00000000fbe80000)
  to   space 61440K, 0% used [0x00000000fc400000,0x00000000fc400000,0x0000000100000000)
 ParOldGen       total 429056K, used 325748K [0x00000000a0000000, 0x00000000ba300000, 0x00000000e0000000)
  object space 429056K, 75% used [0x00000000a0000000,0x00000000b3e1d250,0x00000000ba300000)
 Metaspace       used 112621K, capacity 117626K, committed 117760K, reserved 1150976K
  class space    used 14593K, capacity 15583K, committed 15616K, reserved 1048576K
}
Event: 207.986 GC heap before
{Heap before GC invocations=53 (full 5):
 PSYoungGen      total 457216K, used 402340K [0x00000000e0000000, 0x0000000100000000, 0x0000000100000000)
  eden space 396288K, 100% used [0x00000000e0000000,0x00000000f8300000,0x00000000f8300000)
  from space 60928K, 9% used [0x00000000f8300000,0x00000000f88e9010,0x00000000fbe80000)
  to   space 61440K, 0% used [0x00000000fc400000,0x00000000fc400000,0x0000000100000000)
 ParOldGen       total 429056K, used 325748K [0x00000000a0000000, 0x00000000ba300000, 0x00000000e0000000)
  object space 429056K, 75% used [0x00000000a0000000,0x00000000b3e1d250,0x00000000ba300000)
 Metaspace       used 112948K, capacity 118026K, committed 118400K, reserved 1153024K
  class space    used 14618K, capacity 15623K, committed 15744K, reserved 1048576K
Event: 208.031 GC heap after
Heap after GC invocations=53 (full 5):
 PSYoungGen      total 455680K, used 44944K [0x00000000e0000000, 0x0000000100000000, 0x0000000100000000)
  eden space 394240K, 0% used [0x00000000e0000000,0x00000000e0000000,0x00000000f8100000)
  from space 61440K, 73% used [0x00000000fc400000,0x00000000fefe4280,0x0000000100000000)
  to   space 65024K, 0% used [0x00000000f8100000,0x00000000f8100000,0x00000000fc080000)
 ParOldGen       total 429056K, used 326604K [0x00000000a0000000, 0x00000000ba300000, 0x00000000e0000000)
  object space 429056K, 76% used [0x00000000a0000000,0x00000000b3ef3250,0x00000000ba300000)
 Metaspace       used 112948K, capacity 118026K, committed 118400K, reserved 1153024K
  class space    used 14618K, capacity 15623K, committed 15744K, reserved 1048576K
}
Event: 215.437 GC heap before
{Heap before GC invocations=54 (full 5):
 PSYoungGen      total 455680K, used 439184K [0x00000000e0000000, 0x0000000100000000, 0x0000000100000000)
  eden space 394240K, 100% used [0x00000000e0000000,0x00000000f8100000,0x00000000f8100000)
  from space 61440K, 73% used [0x00000000fc400000,0x00000000fefe4280,0x0000000100000000)
  to   space 65024K, 0% used [0x00000000f8100000,0x00000000f8100000,0x00000000fc080000)
 ParOldGen       total 429056K, used 326604K [0x00000000a0000000, 0x00000000ba300000, 0x00000000e0000000)
  object space 429056K, 76% used [0x00000000a0000000,0x00000000b3ef3250,0x00000000ba300000)
 Metaspace       used 113831K, capacity 118952K, committed 119168K, reserved 1153024K
  class space    used 14704K, capacity 15728K, committed 15744K, reserved 1048576K
Event: 215.921 GC heap after
Heap after GC invocations=54 (full 5):
 PSYoungGen      total 459264K, used 65007K [0x00000000e0000000, 0x0000000100000000, 0x0000000100000000)
  eden space 394240K, 0% used [0x00000000e0000000,0x00000000e0000000,0x00000000f8100000)
  from space 65024K, 99% used [0x00000000f8100000,0x00000000fc07bca8,0x00000000fc080000)
  to   space 65024K, 0% used [0x00000000fc080000,0x00000000fc080000,0x0000000100000000)
 ParOldGen       total 429056K, used 390611K [0x00000000a0000000, 0x00000000ba300000, 0x00000000e0000000)
  object space 429056K, 91% used [0x00000000a0000000,0x00000000b7d74c88,0x00000000ba300000)
 Metaspace       used 113831K, capacity 118952K, committed 119168K, reserved 1153024K
  class space    used 14704K, capacity 15728K, committed 15744K, reserved 1048576K
}
Event: 215.921 GC heap before
{Heap before GC invocations=55 (full 6):
 PSYoungGen      total 459264K, used 65007K [0x00000000e0000000, 0x0000000100000000, 0x0000000100000000)
  eden space 394240K, 0% used [0x00000000e0000000,0x00000000e0000000,0x00000000f8100000)
  from space 65024K, 99% used [0x00000000f8100000,0x00000000fc07bca8,0x00000000fc080000)
  to   space 65024K, 0% used [0x00000000fc080000,0x00000000fc080000,0x0000000100000000)
 ParOldGen       total 429056K, used 390611K [0x00000000a0000000, 0x00000000ba300000, 0x00000000e0000000)
  object space 429056K, 91% used [0x00000000a0000000,0x00000000b7d74c88,0x00000000ba300000)
 Metaspace       used 113831K, capacity 118952K, committed 119168K, reserved 1153024K
  class space    used 14704K, capacity 15728K, committed 15744K, reserved 1048576K

